<?xml version="1.0" encoding="UTF-8"?>
<!-- Generated by org.testng.reporters.JUnitReportReporter -->
<testsuite hostname="USHYDSRIKOLLA1" name="com.cucumber.runner.Outlet" tests="24" failures="0" timestamp="13 Feb 2020 15:19:01 GMT" time="3736.584" errors="2">
  <testcase name="scenario" time="156.626" classname="com.cucumber.runner.Outlet"/>
  <testcase name="scenario" time="127.025" classname="com.cucumber.runner.Outlet"/>
  <testcase name="scenario" time="176.709" classname="com.cucumber.runner.Outlet"/>
  <testcase name="scenario" time="173.977" classname="com.cucumber.runner.Outlet"/>
  <testcase name="scenario" time="244.577" classname="com.cucumber.runner.Outlet"/>
  <testcase name="scenario" time="199.363" classname="com.cucumber.runner.Outlet">
    <error type="org.openqa.selenium.TimeoutException" message="Expected condition failed: waiting for element to be clickable: By.xpath: //div[@class=&#039;bobs-pdp-base__wrapper&#039;]//button[contains(@class,&#039;add-to-cart&#039;)] (tried for 30 second(s) with 500 milliseconds interval)
Build info: version: &#039;3.141.59&#039;, revision: &#039;e82be7d358&#039;, time: &#039;2018-11-14T08:17:03&#039;
System info: host: &#039;USHYDSRIKOLLA1&#039;, ip: &#039;10.142.235.26&#039;, os.name: &#039;Windows 10&#039;, os.arch: &#039;amd64&#039;, os.version: &#039;10.0&#039;, java.version: &#039;1.8.0_211&#039;
Driver info: com.sun.proxy.$Proxy16">
      <![CDATA[org.openqa.selenium.TimeoutException: Expected condition failed: waiting for element to be clickable: By.xpath: //div[@class='bobs-pdp-base__wrapper']//button[contains(@class,'add-to-cart')] (tried for 30 second(s) with 500 milliseconds interval)
Build info: version: '3.141.59', revision: 'e82be7d358', time: '2018-11-14T08:17:03'
System info: host: 'USHYDSRIKOLLA1', ip: '10.142.235.26', os.name: 'Windows 10', os.arch: 'amd64', os.version: '10.0', java.version: '1.8.0_211'
Driver info: com.sun.proxy.$Proxy16
	at org.openqa.selenium.support.ui.WebDriverWait.timeoutException(WebDriverWait.java:95)
	at org.openqa.selenium.support.ui.FluentWait.until(FluentWait.java:272)
	at com.cucumber.stepdefinitions.CartStepdefs.i_navigate_product_details_page(CartStepdefs.java:150)
	at com.cucumber.stepdefinitions.CartStepdefs.i_navigate_multiple_product_details_page_add_to_cart(CartStepdefs.java:76)
	at ✽.I navigate to multiple product details page and add to cart "bobtastic,valueexpress,factorydirect"(src/test/resources/features/ERDOrderConfirmation.feature:185)
]]>
    </error>
  </testcase> <!-- scenario -->
  <testcase name="scenario" time="135.791" classname="com.cucumber.runner.Outlet"/>
  <testcase name="scenario" time="155.892" classname="com.cucumber.runner.Outlet"/>
  <testcase name="scenario" time="163.843" classname="com.cucumber.runner.Outlet"/>
  <testcase name="scenario" time="185.784" classname="com.cucumber.runner.Outlet"/>
  <testcase name="scenario" time="153.856" classname="com.cucumber.runner.Outlet"/>
  <testcase name="scenario" time="46.794" classname="com.cucumber.runner.Outlet">
    <error type="java.lang.NullPointerException">
      <![CDATA[java.lang.NullPointerException
	at com.cucumber.stepdefinitions.CartStepdefs.i_delete_items_from_cart(CartStepdefs.java:222)
	at ✽.I delete items from cart(src/test/resources/features/ERDOrderConfirmation.feature:30)
]]>
    </error>
  </testcase> <!-- scenario -->
  <testcase name="scenario" time="121.236" classname="com.cucumber.runner.Outlet"/>
  <testcase name="scenario" time="128.586" classname="com.cucumber.runner.Outlet"/>
  <testcase name="scenario" time="148.825" classname="com.cucumber.runner.Outlet"/>
  <testcase name="scenario" time="123.493" classname="com.cucumber.runner.Outlet"/>
  <testcase name="scenario" time="154.181" classname="com.cucumber.runner.Outlet"/>
  <testcase name="scenario" time="192.832" classname="com.cucumber.runner.Outlet"/>
  <testcase name="scenario" time="158.184" classname="com.cucumber.runner.Outlet"/>
  <testcase name="scenario" time="208.166" classname="com.cucumber.runner.Outlet"/>
  <testcase name="scenario" time="132.597" classname="com.cucumber.runner.Outlet"/>
  <testcase name="scenario" time="127.130" classname="com.cucumber.runner.Outlet"/>
  <testcase name="scenario" time="144.331" classname="com.cucumber.runner.Outlet"/>
  <testcase name="scenario" time="176.786" classname="com.cucumber.runner.Outlet"/>
</testsuite> <!-- com.cucumber.runner.Outlet -->
