<?xml version="1.0" encoding="UTF-8"?>
<!-- Generated by org.testng.reporters.JUnitReportReporter -->
<testsuite hostname="USHYDSRIKOLLA1" name="com.cucumber.runner.CollectionPackages" tests="8" failures="0" timestamp="30 Mar 2020 14:20:32 GMT" time="1858.771" errors="2">
  <testcase name="scenario" time="42.055" classname="com.cucumber.runner.CollectionPackages">
    <error type="org.openqa.selenium.NoSuchElementException" message="no such element: Unable to locate element: {&quot;method&quot;:&quot;xpath&quot;,&quot;selector&quot;:&quot;//div[@class=&#039;bobs-header__secondary-nav__left-container&#039;]//*[contains(@class,&#039;bobs-header_update-zip_shipping-loc-details_content_item-shipping_location&#039;)]&quot;}
  (Session info: chrome=80.0.3987.149)
For documentation on this error, please visit: https://www.seleniumhq.org/exceptions/no_such_element.html
Build info: version: &#039;3.141.59&#039;, revision: &#039;e82be7d358&#039;, time: &#039;2018-11-14T08:17:03&#039;
System info: host: &#039;USHYDSRIKOLLA1&#039;, ip: &#039;10.70.76.11&#039;, os.name: &#039;Windows 10&#039;, os.arch: &#039;amd64&#039;, os.version: &#039;10.0&#039;, java.version: &#039;1.8.0_211&#039;
Driver info: org.openqa.selenium.chrome.ChromeDriver
Capabilities {acceptInsecureCerts: false, browserName: chrome, browserVersion: 80.0.3987.149, chrome: {chromedriverVersion: 80.0.3987.106 (f68069574609..., userDataDir: C:\Users\srikolla\AppData\L...}, goog:chromeOptions: {debuggerAddress: localhost:61304}, javascriptEnabled: true, networkConnectionEnabled: false, pageLoadStrategy: normal, platform: WINDOWS, platformName: WINDOWS, proxy: Proxy(), setWindowRect: true, strictFileInteractability: false, timeouts: {implicit: 0, pageLoad: 300000, script: 30000}, unhandledPromptBehavior: dismiss and notify}
Session ID: d30c2b07c8efb20a52b563a4f980c8a0
*** Element info: {Using=xpath, value=//div[@class=&#039;bobs-header__secondary-nav__left-container&#039;]//*[contains(@class,&#039;bobs-header_update-zip_shipping-loc-details_content_item-shipping_location&#039;)]}">
      <![CDATA[org.openqa.selenium.NoSuchElementException: no such element: Unable to locate element: {"method":"xpath","selector":"//div[@class='bobs-header__secondary-nav__left-container']//*[contains(@class,'bobs-header_update-zip_shipping-loc-details_content_item-shipping_location')]"}
  (Session info: chrome=80.0.3987.149)
For documentation on this error, please visit: https://www.seleniumhq.org/exceptions/no_such_element.html
Build info: version: '3.141.59', revision: 'e82be7d358', time: '2018-11-14T08:17:03'
System info: host: 'USHYDSRIKOLLA1', ip: '10.70.76.11', os.name: 'Windows 10', os.arch: 'amd64', os.version: '10.0', java.version: '1.8.0_211'
Driver info: org.openqa.selenium.chrome.ChromeDriver
Capabilities {acceptInsecureCerts: false, browserName: chrome, browserVersion: 80.0.3987.149, chrome: {chromedriverVersion: 80.0.3987.106 (f68069574609..., userDataDir: C:\Users\srikolla\AppData\L...}, goog:chromeOptions: {debuggerAddress: localhost:61304}, javascriptEnabled: true, networkConnectionEnabled: false, pageLoadStrategy: normal, platform: WINDOWS, platformName: WINDOWS, proxy: Proxy(), setWindowRect: true, strictFileInteractability: false, timeouts: {implicit: 0, pageLoad: 300000, script: 30000}, unhandledPromptBehavior: dismiss and notify}
Session ID: d30c2b07c8efb20a52b563a4f980c8a0
*** Element info: {Using=xpath, value=//div[@class='bobs-header__secondary-nav__left-container']//*[contains(@class,'bobs-header_update-zip_shipping-loc-details_content_item-shipping_location')]}
	at sun.reflect.GeneratedConstructorAccessor38.newInstance(Unknown Source)
	at sun.reflect.DelegatingConstructorAccessorImpl.newInstance(Unknown Source)
	at java.lang.reflect.Constructor.newInstance(Unknown Source)
	at org.openqa.selenium.remote.http.W3CHttpResponseCodec.createException(W3CHttpResponseCodec.java:187)
	at org.openqa.selenium.remote.http.W3CHttpResponseCodec.decode(W3CHttpResponseCodec.java:122)
	at org.openqa.selenium.remote.http.W3CHttpResponseCodec.decode(W3CHttpResponseCodec.java:49)
	at org.openqa.selenium.remote.HttpCommandExecutor.execute(HttpCommandExecutor.java:158)
	at org.openqa.selenium.remote.service.DriverCommandExecutor.execute(DriverCommandExecutor.java:83)
	at org.openqa.selenium.remote.RemoteWebDriver.execute(RemoteWebDriver.java:552)
	at org.openqa.selenium.remote.RemoteWebDriver.findElement(RemoteWebDriver.java:323)
	at org.openqa.selenium.remote.RemoteWebDriver.findElementByXPath(RemoteWebDriver.java:428)
	at org.openqa.selenium.By$ByXPath.findElement(By.java:353)
	at org.openqa.selenium.remote.RemoteWebDriver.findElement(RemoteWebDriver.java:315)
	at sun.reflect.GeneratedMethodAccessor13.invoke(Unknown Source)
	at sun.reflect.DelegatingMethodAccessorImpl.invoke(Unknown Source)
	at java.lang.reflect.Method.invoke(Unknown Source)
	at org.openqa.selenium.support.ThreadGuard$WebDriverInvocationHandler.invokeUnderlying(ThreadGuard.java:100)
	at org.openqa.selenium.support.ThreadGuard$WebDriverInvocationHandler.invoke(ThreadGuard.java:92)
	at com.sun.proxy.$Proxy16.findElement(Unknown Source)
	at com.cucumber.stepdefinitions.LoginStepdefs.i_navigate_to_home_page(LoginStepdefs.java:91)
	at ✽.I navigate to home page(src/test/resources/features/BobOPedicLanding.feature:31)
]]>
    </error>
  </testcase> <!-- scenario -->
  <testcase name="scenario" time="301.772" classname="com.cucumber.runner.CollectionPackages"/>
  <testcase name="scenario" time="169.114" classname="com.cucumber.runner.CollectionPackages"/>
  <testcase name="scenario" time="18.721" classname="com.cucumber.runner.CollectionPackages">
    <error type="java.lang.NullPointerException">
      <![CDATA[java.lang.NullPointerException
	at com.cucumber.stepdefinitions.LoginStepdefs.i_navigate_to_home_page(LoginStepdefs.java:102)
	at com.cucumber.stepdefinitions.LoginStepdefs.PLPFilterOption(LoginStepdefs.java:642)
	at ✽.I login as existing customer "user35"(src/test/resources/features/BobOPedicLanding.feature:19)
]]>
    </error>
  </testcase> <!-- scenario -->
  <testcase name="scenario" time="69.479" classname="com.cucumber.runner.CollectionPackages"/>
  <testcase name="scenario" time="127.298" classname="com.cucumber.runner.CollectionPackages"/>
  <testcase name="scenario" time="909.049" classname="com.cucumber.runner.CollectionPackages"/>
  <testcase name="scenario" time="221.283" classname="com.cucumber.runner.CollectionPackages"/>
</testsuite> <!-- com.cucumber.runner.CollectionPackages -->
