<?xml version="1.0" encoding="UTF-8"?>
<!-- Generated by org.testng.reporters.JUnitReportReporter -->
<testsuite hostname="USHYDSRIKOLLA1" name="com.cucumber.runner.ERDOrderConfirmation" tests="24" failures="0" timestamp="13 Mar 2020 09:00:49 GMT" time="2950.543" errors="2">
  <testcase name="scenario" time="141.735" classname="com.cucumber.runner.ERDOrderConfirmation"/>
  <testcase name="scenario" time="103.906" classname="com.cucumber.runner.ERDOrderConfirmation"/>
  <testcase name="scenario" time="110.828" classname="com.cucumber.runner.ERDOrderConfirmation"/>
  <testcase name="scenario" time="109.554" classname="com.cucumber.runner.ERDOrderConfirmation"/>
  <testcase name="scenario" time="156.764" classname="com.cucumber.runner.ERDOrderConfirmation"/>
  <testcase name="scenario" time="85.767" classname="com.cucumber.runner.ERDOrderConfirmation"/>
  <testcase name="scenario" time="117.770" classname="com.cucumber.runner.ERDOrderConfirmation"/>
  <testcase name="scenario" time="171.653" classname="com.cucumber.runner.ERDOrderConfirmation"/>
  <testcase name="scenario" time="123.427" classname="com.cucumber.runner.ERDOrderConfirmation"/>
  <testcase name="scenario" time="137.104" classname="com.cucumber.runner.ERDOrderConfirmation">
    <error type="java.lang.NullPointerException">
      <![CDATA[java.lang.NullPointerException
	at com.cucumber.stepdefinitions.CheckoutStepdefs.i_publish_order_details_for_to_excel(CheckoutStepdefs.java:1534)
	at ✽.I publish "registerUserPlacesOrderUsingCreditCards" order details for "visa_valid" to excel(src/test/resources/features/ERDOrderConfirmation.feature:193)
]]>
    </error>
  </testcase> <!-- scenario -->
  <testcase name="scenario" time="181.070" classname="com.cucumber.runner.ERDOrderConfirmation"/>
  <testcase name="scenario" time="146.772" classname="com.cucumber.runner.ERDOrderConfirmation"/>
  <testcase name="scenario" time="89.659" classname="com.cucumber.runner.ERDOrderConfirmation"/>
  <testcase name="scenario" time="128.922" classname="com.cucumber.runner.ERDOrderConfirmation"/>
  <testcase name="scenario" time="94.637" classname="com.cucumber.runner.ERDOrderConfirmation"/>
  <testcase name="scenario" time="152.423" classname="com.cucumber.runner.ERDOrderConfirmation"/>
  <testcase name="scenario" time="127.064" classname="com.cucumber.runner.ERDOrderConfirmation"/>
  <testcase name="scenario" time="79.256" classname="com.cucumber.runner.ERDOrderConfirmation"/>
  <testcase name="scenario" time="73.221" classname="com.cucumber.runner.ERDOrderConfirmation">
    <error type="java.lang.NullPointerException">
      <![CDATA[java.lang.NullPointerException
	at com.cucumber.stepdefinitions.CheckoutStepdefs.i_publish_order_details_for_to_excel(CheckoutStepdefs.java:1534)
	at ✽.I publish "registerUserPlacesOrderUsingCreditCards" order details for "visa_valid" to excel(src/test/resources/features/ERDOrderConfirmation.feature:193)
]]>
    </error>
  </testcase> <!-- scenario -->
  <testcase name="scenario" time="133.423" classname="com.cucumber.runner.ERDOrderConfirmation"/>
  <testcase name="scenario" time="156.993" classname="com.cucumber.runner.ERDOrderConfirmation"/>
  <testcase name="scenario" time="123.896" classname="com.cucumber.runner.ERDOrderConfirmation"/>
  <testcase name="scenario" time="88.674" classname="com.cucumber.runner.ERDOrderConfirmation"/>
  <testcase name="scenario" time="116.025" classname="com.cucumber.runner.ERDOrderConfirmation"/>
</testsuite> <!-- com.cucumber.runner.ERDOrderConfirmation -->
