<?xml version="1.0" encoding="UTF-8"?>
<!-- Generated by org.testng.reporters.JUnitReportReporter -->
<testsuite hostname="USHYDSRIKOLLA1" name="com.cucumber.runner.R1_1AndR1_2" tests="9" failures="0" timestamp="13 Mar 2020 09:00:49 GMT" time="1042.989" errors="6">
  <testcase name="scenario" time="34.138" classname="com.cucumber.runner.R1_1AndR1_2">
    <error type="java.lang.IllegalArgumentException" message="Must provide a location for a move action.">
      <![CDATA[java.lang.IllegalArgumentException: Must provide a location for a move action.
	at org.openqa.selenium.interactions.MoveMouseAction.<init>(MoveMouseAction.java:37)
	at org.openqa.selenium.interactions.Actions.moveToElement(Actions.java:386)
	at com.cucumber.stepdefinitions.CartStepdefs.i_hoverover_on_outlet_primary_navigation(CartStepdefs.java:553)
	at ✽.I hoverover on outlet primary navigation(src/test/resources/features/R1.1R1.2.feature:90)
]]>
    </error>
  </testcase> <!-- scenario -->
  <testcase name="scenario" time="145.553" classname="com.cucumber.runner.R1_1AndR1_2">
    <error type="java.lang.NullPointerException">
      <![CDATA[java.lang.NullPointerException
	at com.cucumber.stepdefinitions.CheckoutStepdefs.i_validate_update_special_terms_for_wellsfargo(CheckoutStepdefs.java:1746)
	at ✽.I validate update special terms for wellsfargo(src/test/resources/features/R1.1R1.2.feature:84)
]]>
    </error>
  </testcase> <!-- scenario -->
  <testcase name="scenario" time="62.704" classname="com.cucumber.runner.R1_1AndR1_2"/>
  <testcase name="scenario" time="182.301" classname="com.cucumber.runner.R1_1AndR1_2">
    <error type="java.lang.NullPointerException">
      <![CDATA[java.lang.NullPointerException
	at com.cucumber.stepdefinitions.CheckoutStepdefs.i_validate_Bobs_card_Authorization_on_order_confirmation_page(CheckoutStepdefs.java:1677)
	at ✽.I validate Bobs card Authorization on order confirmation page(src/test/resources/features/R1.1R1.2.feature:32)
]]>
    </error>
  </testcase> <!-- scenario -->
  <testcase name="scenario" time="46.126" classname="com.cucumber.runner.R1_1AndR1_2"/>
  <testcase name="scenario" time="314.126" classname="com.cucumber.runner.R1_1AndR1_2">
    <error type="java.lang.NullPointerException">
      <![CDATA[java.lang.NullPointerException
	at com.cucumber.stepdefinitions.CheckoutStepdefs.i_validate_Print_and_Save_link_on_order_confirmation(CheckoutStepdefs.java:1688)
	at ✽.I validate Print and Save link on order confirmation(src/test/resources/features/R1.1R1.2.feature:54)
]]>
    </error>
  </testcase> <!-- scenario -->
  <testcase name="scenario" time="83.387" classname="com.cucumber.runner.R1_1AndR1_2">
    <error type="java.lang.NullPointerException">
      <![CDATA[java.lang.NullPointerException
	at com.cucumber.stepdefinitions.CartStepdefs.i_delete_items_from_cart(CartStepdefs.java:225)
	at ✽.I delete items from cart(src/test/resources/features/R1.1R1.2.feature:59)
]]>
    </error>
  </testcase> <!-- scenario -->
  <testcase name="scenario" time="54.543" classname="com.cucumber.runner.R1_1AndR1_2"/>
  <testcase name="scenario" time="120.111" classname="com.cucumber.runner.R1_1AndR1_2">
    <error type="java.lang.NullPointerException">
      <![CDATA[java.lang.NullPointerException
	at com.cucumber.stepdefinitions.CheckoutStepdefs.i_validate_gift_card_section_expand_and_collapse(CheckoutStepdefs.java:1753)
	at ✽.I validate gift card section expand and collapse(src/test/resources/features/R1.4.feature:15)
]]>
    </error>
  </testcase> <!-- scenario -->
</testsuite> <!-- com.cucumber.runner.R1_1AndR1_2 -->
